<?xml version="1.0" encoding="UTF-8"?>
<!-- Generated by org.testng.reporters.JUnitReportReporter -->
<testsuite skipped="0" hostname="DESKTOP-4LQORMC" name="stageOne.ExtentReportTest" tests="2" failures="0" timestamp="04 Feb 2019 02:37:14 GMT" time="1.058" errors="0">
  <testcase name="Reporting" time="0.932" classname="stageOne.ExtentReportTest"/>
  <testcase name="Reportipg" time="0.126" classname="stageOne.ExtentReportTest"/>
</testsuite> <!-- stageOne.ExtentReportTest -->
