<?xml version="1.0" encoding="UTF-8"?>
<!-- Generated by org.testng.reporters.JUnitReportReporter -->
<testsuite skipped="0" hostname="DESKTOP-4LQORMC" name="Util.TestUI" tests="2" failures="0" timestamp="04 Feb 2019 16:29:14 GMT" time="0.033" errors="0">
  <testcase name="openConfirmationDialog" time="0.016" classname="Util.TestUI"/>
  <testcase name="openFileDialog" time="0.017" classname="Util.TestUI"/>
</testsuite> <!-- Util.TestUI -->
